2026-07-18T06:40:04Z INF Thank you for trying Cloudflare Tunnel. Doing so, without a Cloudflare account, is a quick way to experiment and try it out. However, be aware that these account-less Tunnels have no uptime guarantee, are subject to the Cloudflare Online Services Terms of Use (https://www.cloudflare.com/website-terms/), and Cloudflare reserves the right to investigate your use of Tunnels for violations of such terms. If you intend to use Tunnels in production you should use a pre-created named tunnel by following: https://developers.cloudflare.com/cloudflare-one/connections/connect-apps
2026-07-18T06:40:04Z INF Requesting new quick Tunnel on trycloudflare.com...
2026-07-18T06:40:08Z INF +--------------------------------------------------------------------------------------------+
2026-07-18T06:40:08Z INF |  Your quick Tunnel has been created! Visit it at (it may take some time to be reachable):  |
2026-07-18T06:40:08Z INF |  https://attachment-career-container-medicare.trycloudflare.com                            |
2026-07-18T06:40:08Z INF +--------------------------------------------------------------------------------------------+
2026-07-18T06:40:08Z INF Cannot determine default configuration path. No file [config.yml config.yaml] in [~/.cloudflared ~/.cloudflare-warp ~/cloudflare-warp]
2026-07-18T06:40:08Z INF Version 2026.7.2 (Checksum cdb5d4432f6ae1595654a692a51308b69d2bf7af961f5578d9391837cf072df9)
2026-07-18T06:40:08Z INF GOOS: windows, GOVersion: go1.26.4, GoArch: amd64
2026-07-18T06:40:08Z INF Settings: map[ha-connections:1 protocol:quic url:http://localhost:3000]
2026-07-18T06:40:08Z INF cloudflared will not automatically update on Windows systems.
2026-07-18T06:40:08Z INF Generated Connector ID: c49d3bb1-6c9d-462f-b007-e0168c4038a4
2026-07-18T06:40:08Z INF Initial protocol quic
2026-07-18T06:40:08Z INF ICMP proxy will use 192.168.1.3 as source for IPv4
2026-07-18T06:40:08Z INF ICMP proxy will use fe80::12c8:7e40:5f2e:b132 in zone Ethernet as source for IPv6
2026-07-18T06:40:08Z INF cloudflared does not support loading the system root certificate pool on Windows. Please use --origin-ca-pool <PATH> to specify the path to the certificate pool
2026-07-18T06:40:08Z INF ICMP proxy will use 192.168.1.3 as source for IPv4
2026-07-18T06:40:08Z INF Tunnel connection curve preferences: [X25519MLKEM768 CurveID(65074) CurveP256] connIndex=0 event=0 ip=198.41.192.67
2026-07-18T06:40:08Z INF ICMP proxy will use fe80::12c8:7e40:5f2e:b132 in zone Ethernet as source for IPv6
2026-07-18T06:40:08Z INF Starting metrics server on 127.0.0.1:20241/metrics
2026-07-18T06:40:08Z INF +-------------------------------------------------------------------------------------+
2026-07-18T06:40:08Z INF |                               CONNECTIVITY PRE-CHECKS                               |
2026-07-18T06:40:08Z INF +-------------------------------------------------------------------------------------+
2026-07-18T06:40:08Z INF |  COMPONENT         TARGET                     STATUS  DETAILS                       |
2026-07-18T06:40:08Z INF |  DNS Resolution    region1.v2.argotunnel.com  PASS    DNS Resolved successfully     |
2026-07-18T06:40:08Z INF |  DNS Resolution    region2.v2.argotunnel.com  PASS    DNS Resolved successfully     |
2026-07-18T06:40:08Z INF |  UDP Connectivity  region1.v2.argotunnel.com  PASS    QUIC connection successful    |
2026-07-18T06:40:08Z INF |  UDP Connectivity  region2.v2.argotunnel.com  PASS    QUIC connection successful    |
2026-07-18T06:40:08Z INF |  TCP Connectivity  region1.v2.argotunnel.com  PASS    HTTP/2 connection successful  |
2026-07-18T06:40:08Z INF |  TCP Connectivity  region2.v2.argotunnel.com  PASS    HTTP/2 connection successful  |
2026-07-18T06:40:08Z INF |  Cloudflare API    api.cloudflare.com:443     PASS    API is reachable              |
2026-07-18T06:40:08Z INF |                                                                                     |
2026-07-18T06:40:08Z INF |  SUMMARY: Environment is healthy. cloudflared will use 'quic' as primary protocol.  |
2026-07-18T06:40:08Z INF +-------------------------------------------------------------------------------------+
2026-07-18T06:40:08Z INF precheck component="DNS Resolution" details="DNS Resolved successfully" run_id=4a2664ee-c856-4f11-85f9-46643e9b99ab status=pass target=region1.v2.argotunnel.com
2026-07-18T06:40:08Z INF precheck component="DNS Resolution" details="DNS Resolved successfully" run_id=4a2664ee-c856-4f11-85f9-46643e9b99ab status=pass target=region2.v2.argotunnel.com
2026-07-18T06:40:08Z INF precheck component="UDP Connectivity" details="QUIC connection successful" run_id=4a2664ee-c856-4f11-85f9-46643e9b99ab status=pass target=region1.v2.argotunnel.com
2026-07-18T06:40:08Z INF precheck component="UDP Connectivity" details="QUIC connection successful" run_id=4a2664ee-c856-4f11-85f9-46643e9b99ab status=pass target=region2.v2.argotunnel.com
2026-07-18T06:40:08Z INF precheck component="TCP Connectivity" details="HTTP/2 connection successful" run_id=4a2664ee-c856-4f11-85f9-46643e9b99ab status=pass target=region1.v2.argotunnel.com
2026-07-18T06:40:08Z INF precheck component="TCP Connectivity" details="HTTP/2 connection successful" run_id=4a2664ee-c856-4f11-85f9-46643e9b99ab status=pass target=region2.v2.argotunnel.com
2026-07-18T06:40:08Z INF precheck component="Cloudflare API" details="API is reachable" run_id=4a2664ee-c856-4f11-85f9-46643e9b99ab status=pass target=api.cloudflare.com:443
2026-07-18T06:40:08Z INF precheck complete hard_fail=false run_id=4a2664ee-c856-4f11-85f9-46643e9b99ab suggested_protocol=quic
2026-07-18T06:40:09Z INF Registered tunnel connection connIndex=0 connection=7a040b8e-7850-4d2d-9227-6f067fcc89d3 event=0 ip=198.41.192.67 location=bkk02 protocol=quic
2026-07-18T10:14:03Z ERR  error="stream 13289 canceled by remote with error code 0" connIndex=0 event=1 ingressRule=0 originService=http://localhost:3000
2026-07-18T10:14:03Z ERR Request failed error="stream 13289 canceled by remote with error code 0" connIndex=0 dest=https://attachment-career-container-medicare.trycloudflare.com/api/customers?day=monday&_t=1784369643114 event=0 ip=198.41.192.67 type=http
2026-07-18T17:04:46Z INF Initiating graceful shutdown due to signal terminated ...
2026-07-18T17:04:46Z ERR failed to run the datagram handler error="Application error 0x0 (remote)" connIndex=0 event=0 ip=198.41.192.67
2026-07-18T17:04:46Z ERR failed to serve tunnel connection error="accept stream listener encountered a failure while serving" connIndex=0 event=0 ip=198.41.192.67
2026-07-18T17:04:46Z ERR Serve tunnel error error="accept stream listener encountered a failure while serving" connIndex=0 event=0 ip=198.41.192.67
2026-07-18T17:04:46Z INF Retrying connection in up to 1s connIndex=0 event=0 ip=198.41.192.67
2026-07-18T17:04:46Z ERR Connection terminated connIndex=0
2026-07-18T17:04:46Z ERR no more connections active and exiting
2026-07-18T17:04:46Z INF Tunnel server stopped
2026-07-18T17:04:46Z INF Metrics server stopped
